updating system time
--2016-09-02 10:23:43--  http://10.115.11.4/centos/client_key.pem
Connecting to 10.115.11.4:80... connected.
HTTP request sent, awaiting response... 200 OK
Length: 1675 (1.6K) [text/plain]
Saving to: 'client_key.pem'

     0K .                                                     100%  217M=0s

2016-09-02 10:23:43 (217 MB/s) - 'client_key.pem' saved [1675/1675]

--2016-09-02 10:23:43--  http://10.115.11.4/centos/client_cert.pem
Connecting to 10.115.11.4:80... connected.
HTTP request sent, awaiting response... 200 OK
Length: 1074 (1.0K) [text/plain]
Saving to: 'client_cert.pem'

     0K .                                                     100%  165M=0s

2016-09-02 10:23:43 (165 MB/s) - 'client_cert.pem' saved [1074/1074]

--2016-09-02 10:23:43--  http://10.115.11.4/centos/sensu_plugins/plugins.tar
Connecting to 10.115.11.4:80... connected.
HTTP request sent, awaiting response... 200 OK
Length: 1269760 (1.2M) [application/x-tar]
Saving to: 'plugins.tar'

     0K .......... .......... .......... .......... ..........  4% 40.3M 0s
    50K .......... .......... .......... .......... ..........  8% 43.3M 0s
   100K .......... .......... .......... .......... .......... 12% 47.2M 0s
   150K .......... .......... .......... .......... .......... 16% 43.9M 0s
   200K .......... .......... .......... .......... .......... 20% 49.5M 0s
   250K .......... .......... .......... .......... .......... 24% 50.3M 0s
   300K .......... .......... .......... .......... .......... 28% 52.6M 0s
   350K .......... .......... .......... .......... .......... 32% 44.8M 0s
   400K .......... .......... .......... .......... .......... 36% 48.0M 0s
   450K .......... .......... .......... .......... .......... 40% 80.8M 0s
   500K .......... .......... .......... .......... .......... 44%  281M 0s
   550K .......... .......... .......... .......... .......... 48%  196M 0s
   600K .......... .......... .......... .......... .......... 52% 66.0M 0s
   650K .......... .......... .......... .......... .......... 56% 44.0M 0s
   700K .......... .......... .......... .......... .......... 60% 64.5M 0s
   750K .......... .......... .......... .......... .......... 64%  240M 0s
   800K .......... .......... .......... .......... .......... 68%  246M 0s
   850K .......... .......... .......... .......... .......... 72%  275M 0s
   900K .......... .......... .......... .......... .......... 76%  290M 0s
   950K .......... .......... .......... .......... .......... 80%  230M 0s
  1000K .......... .......... .......... .......... .......... 84% 37.0M 0s
  1050K .......... .......... .......... .......... .......... 88% 47.5M 0s
  1100K .......... .......... .......... .......... .......... 92%  399M 0s
  1150K .......... .......... .......... .......... .......... 96%  398M 0s
  1200K .......... .......... .......... ..........           100%  435M=0.02s

2016-09-02 10:23:43 (72.3 MB/s) - 'plugins.tar' saved [1269760/1269760]

plugins/
plugins/rabbitmq/
plugins/rabbitmq/check-rabbitmq-queue-drain-time.rb
plugins/rabbitmq/rabbitmq-amqp-alive.rb
plugins/rabbitmq/rabbitmq-node-health.rb
plugins/rabbitmq/rabbitmq-network-partitions.rb
plugins/rabbitmq/rabbitmq-alive.rb
plugins/rabbitmq/check-rabbitmq-messages.rb
plugins/rabbitmq/check-rabbitmq-consumers.rb
plugins/rabbitmq/rabbitmq-queue-metrics.rb
plugins/rabbitmq/check-rabbitmq-queue.rb
plugins/rabbitmq/rabbitmq-stomp-alive.rb
plugins/rabbitmq/rabbitmq-cluster-health.rb
plugins/rabbitmq/rabbitmq-overview-metrics.rb
plugins/solr/
plugins/solr/solr-graphite.rb
plugins/solr/solr4-graphite.rb
plugins/solr/solr-v1.4graphite.rb
plugins/jenkins/
plugins/jenkins/jenkins-jqs-metrics.rb
plugins/jenkins/healthcheck-jenkins.rb
plugins/jenkins/check-jenkins-job-status.rb
plugins/jenkins/check-jenkins.rb
plugins/jenkins/jenkins-metrics.rb
plugins/http/
plugins/http/check-https-cert.rb
plugins/http/check-http.rb
plugins/http/check-http-json.rb
plugins/http/metrics-curl.rb
plugins/http/http-json-graphite.rb
plugins/opsgenie/
plugins/opsgenie/opsgenie-heartbeat.rb
plugins/gluster/
plugins/gluster/check-gluster-georepl-status.rb
plugins/wordpress/
plugins/wordpress/check-wpscan.rb
plugins/netscaler/
plugins/netscaler/metrics-netscaler.py
plugins/puma/
plugins/puma/puma_metrics.rb
plugins/qmail/
plugins/qmail/check-qmailq.rb
plugins/dhcp/
plugins/dhcp/check-dhcp.rb
plugins/kegbot/
plugins/kegbot/kegbot-metrics.rb
plugins/kegbot/check-kegbot.rb
plugins/memcached/
plugins/memcached/memcached_socket_graphite.rb
plugins/memcached/check-memcached-stats.rb
plugins/memcached/memcached-key-stats-graphite.rb
plugins/memcached/memcached-graphite.rb
plugins/springboot/
plugins/springboot/springboot-metrics.rb
plugins/rspec/
plugins/rspec/check-rspec.rb
plugins/aws/
plugins/aws/check-dynamodb-throttle.rb
plugins/aws/check-elb-health-sdk.rb
plugins/aws/check-elb-health-fog.rb
plugins/aws/check-elb-health.rb
plugins/aws/check-elb-certs.rb
plugins/aws/elb-metrics.rb
plugins/aws/check-rds-events.rb
plugins/aws/check-redshift-events.rb
plugins/aws/check-rds.rb
plugins/aws/elb-latency-metrics.rb
plugins/aws/sqs-metrics.rb
plugins/aws/check-elb-nodes.rb
plugins/aws/elb-full-metrics.rb
plugins/aws/check-instance-events.rb
plugins/aws/elasticache-metrics.rb
plugins/aws/check-dynamodb-capacity.rb
plugins/aws/check-sqs-messages.rb
plugins/aws/check-autoscaling-cpucredits.rb
plugins/aws/check-ec2-network.rb
plugins/aws/autoscaling-instance-count-metrics.rb
plugins/aws/check-ses-limit.rb
plugins/aws/check-elb-sum-requests.rb
plugins/aws/check_vpc_vpn.py
plugins/aws/ec2-count-metrics.rb
plugins/aws/check-elb-latency.rb
plugins/smart/
plugins/smart/smart.json
plugins/smart/check-smart.rb
plugins/security/
plugins/security/check-ports.rb
plugins/security/check-selinux.rb
plugins/sensu/
plugins/sensu/check-aggregate.rb
plugins/sensu/aggregate-metrics.rb
plugins/sensu/delete-expired-stashes.rb
plugins/consul/
plugins/consul/check-consul.rb
plugins/trafficserver/
plugins/trafficserver/trafficserver-metrics.rb
plugins/graylog2/
plugins/graylog2/check-graylog2-alive.rb
plugins/golang/
plugins/golang/golang-stats-api-metrics.rb
plugins/youtube/
plugins/youtube/youtube-metrics.rb
plugins/graphite/
plugins/graphite/graphite.rb
plugins/graphite/check-stats.rb
plugins/graphite/check-replication.rb
plugins/graphite/check-data.rb
plugins/haproxy/
plugins/haproxy/check-haproxy.rb
plugins/haproxy/haproxy-metrics.rb
plugins/kannel/
plugins/kannel/check-kannel.rb
plugins/mongodb/
plugins/mongodb/check_mongodb.py
plugins/mongodb/mongodb-metrics.rb
plugins/openldap/
plugins/openldap/check-syncrepl.rb
plugins/openldap/ldap-metrics.rb
plugins/etcd/
plugins/etcd/check-etcd.rb
plugins/etcd/etcd-metrics.rb
plugins/couchbase/
plugins/couchbase/check-couchbase-bucket-quota.rb
plugins/files/
plugins/files/check-tail.rb
plugins/files/metric-filesize.rb
plugins/files/check_dir_count.rb
plugins/files/check-file-exists.rb
plugins/files/check-mtime.rb
plugins/files/check-checksums.rb
plugins/files/metric-dirsize.rb
plugins/elasticsearch/
plugins/elasticsearch/check-es-heap.rb
plugins/elasticsearch/es-node-metrics.rb
plugins/elasticsearch/check-es-file-descriptors.rb
plugins/elasticsearch/es-node-graphite.rb
plugins/elasticsearch/es-cluster-metrics.rb
plugins/elasticsearch/check-es-cluster-status.rb
plugins/chef/
plugins/chef/check-chef-server.rb
plugins/chef/check-chef-nodes.rb
plugins/pingdom/
plugins/pingdom/check-pingdom-aggregates.rb
plugins/pingdom/check-pingdom-credits.rb
plugins/twilio/
plugins/twilio/check-num-recordings.rb
plugins/pacemaker/
plugins/pacemaker/check-cluster-health.rb
plugins/cucumber/
plugins/cucumber/cucumber-example/
plugins/cucumber/cucumber-example/features/
plugins/cucumber/cucumber-example/features/support/
plugins/cucumber/cucumber-example/features/support/world.js
plugins/cucumber/cucumber-example/features/support/hooks.js
plugins/cucumber/cucumber-example/features/failing.feature
plugins/cucumber/cucumber-example/features/step_definitions/
plugins/cucumber/cucumber-example/features/step_definitions/failing.js
plugins/cucumber/cucumber-example/features/step_definitions/passing.js
plugins/cucumber/cucumber-example/features/passing.feature
plugins/cucumber/cucumber-example/package.json
plugins/cucumber/check-cucumber.rb
plugins/cucumber/README.md
plugins/zookeeper/
plugins/zookeeper/check-znode.rb
plugins/twemproxy/
plugins/twemproxy/twemproxy-metrics.rb
plugins/beanstalkd/
plugins/beanstalkd/beanstalkd-metrics.rb
plugins/beanstalkd/check-beanstalkd.rb
plugins/sidekiq/
plugins/sidekiq/sidekiq-metrics.rb
plugins/sidekiq/check-sidekiq.rb
plugins/mysql/
plugins/mysql/mysql-alive.rb
plugins/mysql/mysql-disk.rb
plugins/mysql/mysql-connections.rb
plugins/mysql/mysql-graphite.rb
plugins/mysql/mysql-replication-status.rb
plugins/mysql/cloudwatch-mysql-sensu.rb
plugins/mysql/mysql-innodb-lock.rb
plugins/boundary/
plugins/boundary/check-boundary-meters.rb
plugins/raid/
plugins/raid/check-raid.rb
plugins/raid/check-3ware-status.rb
plugins/raid/check-smartarray-status.rb
plugins/raid/check-megaraid_sas-status.rb
plugins/telapi/
plugins/telapi/telapi-balance-check.rb
plugins/php-fpm/
plugins/php-fpm/README.md
plugins/php-fpm/check_php-fpm.rb
plugins/php-fpm/php-fpm-metrics.rb
plugins/unicorn/
plugins/unicorn/check-unicorn-queue.rb
plugins/unicorn/unicorn-metrics.rb
plugins/github/
plugins/github/github-repo-metrics.rb
plugins/nginx/
plugins/nginx/nginx-metrics.rb
plugins/system/
plugins/system/process-uptime-metrics.sh
plugins/system/conntrack-metrics.rb
plugins/system/check-ntp.rb
plugins/system/check-swap-percentage.sh
plugins/system/check-swap.sh
plugins/system/proc-status-metrics.rb
plugins/system/package-updates-metric.py
plugins/system/check-entropy.rb
plugins/system/cpu-mpstat-metrics.rb
plugins/system/nvidia-metrics.rb
plugins/system/check-memory-pcnt.sh
plugins/system/memory-metrics-percent.rb
plugins/system/load-metrics.rb
plugins/system/cpu-usage-metrics.sh
plugins/system/interface-metrics.rb
plugins/system/check-cpu.rb
plugins/system/check-process.sh
plugins/system/entropy-metrics.rb
plugins/system/check-bluepill-procs.rb
plugins/system/check-load.rb
plugins/system/check-fs-writable.rb
plugins/system/check-hardware-fail.rb
plugins/system/temperature-metrics.rb
plugins/system/check-btrfs.rb
plugins/system/check-cpu.sh
plugins/system/cgroup-metrics.sh
plugins/system/cpu-metrics.rb
plugins/system/memory-metrics.rb
plugins/system/ioping-metrics.rb
plugins/system/vmstat-metrics.rb
plugins/system/ntpstats-metrics.rb
plugins/system/iostat-extended-metrics.rb
plugins/system/check-disk-health.sh
plugins/system/ntpdate-metrics.rb
plugins/system/disk-usage-metrics.rb
plugins/system/check-fstab-mounts.rb
plugins/system/uptime-metrics.py
plugins/system/cpu-pcnt-usage-metrics.rb
plugins/system/check-disk-fail.rb
plugins/system/disk-metrics.rb
plugins/system/disk-capacity-metrics.rb
plugins/system/check-ram.rb
plugins/system/check-process-restart.rb
plugins/system/check-mem.sh
plugins/system/check-smart.rb
plugins/system/check-disk.rb
plugins/system/user-pct-usage-metrics.rb
plugins/snmp/
plugins/snmp/snmp-if-metrics.rb
plugins/snmp/check-snmp.rb
plugins/snmp/snmp-metrics.rb
plugins/snmp/snmp-bulk-metrics.rb
plugins/postfix/
plugins/postfix/metrics-mailq.rb
plugins/postfix/check-mailq.rb
plugins/syslog-ng/
plugins/syslog-ng/metrics-syslog-ng.rb
plugins/growthforecast/
plugins/growthforecast/check-current-value.rb
plugins/monit/
plugins/monit/monit-email.rb
plugins/monit/check-monit-status.rb
plugins/monit/Readme.md
plugins/monit/Gemfile
plugins/percona-cluster/
plugins/percona-cluster/percona-cluster-size.rb
plugins/percona-cluster/percona-cluster-metrics.rb
plugins/java/
plugins/java/java-heap-pcnt.sh
plugins/java/java-permgen.rb
plugins/java/java-heap-graphite.sh
plugins/java/jstat-metrics.py
plugins/supervisor/
plugins/supervisor/check-supervisor.rb
plugins/supervisor/check-supervisor-socket.rb
plugins/gpg/
plugins/gpg/check-gpg-expiration.rb
plugins/logging/
plugins/logging/check-log.rb
plugins/logging/check-journal.rb
plugins/apache/
plugins/apache/apache-graphite.rb
plugins/openvpn/
plugins/openvpn/openvpn-metrics.rb
plugins/openvpn/openvpn-metrics.json
plugins/beanstalk/
plugins/beanstalk/check-beanstalk-statistic.rb
plugins/beanstalk/check-beanstalk-watchers.rb
plugins/beanstalk/check-beanstalk-jobs.rb
plugins/beanstalk/check-beanstalk-watchers-to-buried.rb
plugins/dns/
plugins/dns/check-dns.rb
plugins/newrelic/
plugins/newrelic/newrelic-metrics.rb
plugins/hbase/
plugins/hbase/check-hbase-status.rb
plugins/hbase/check-hbase-regions.rb
plugins/erlang/
plugins/erlang/check-erlang-mailboxes.escript
plugins/erlang/erlang-metrics.escript
plugins/network/
plugins/network/metrics-netstat-tcp.rb
plugins/network/check-multicast-groups.json
plugins/network/check-multicast-groups.rb
plugins/network/check-mtu.rb
plugins/network/check-banner.rb
plugins/network/check-rbl.rb
plugins/network/check-netstat-tcp.rb
plugins/network/netif-metrics.rb
plugins/network/metrics-net.rb
plugins/eye/
plugins/eye/check-eye-http-status.rb
plugins/influxdb/
plugins/influxdb/check-influxdb.rb
plugins/influxdb/check-influxdb-query.rb
plugins/mesos/
plugins/mesos/mesos-metrics.rb
plugins/mesos/check-mesos.rb
plugins/mesos/check-marathon.rb
plugins/mesos/marathon-metrics.rb
plugins/nzbget/
plugins/nzbget/nzbget-metrics.rb
plugins/lxc/
plugins/lxc/check-lxc-memstat.rb
plugins/lxc/check-lxc-status.rb
plugins/openstack/
plugins/openstack/keystone/
plugins/openstack/keystone/check_keystone-api.sh
plugins/openstack/keystone/keystone-token-metrics.rb
plugins/openstack/neutron/
plugins/openstack/neutron/neutron-agent-status.py
plugins/openstack/neutron/check_neutron-api.py
plugins/openstack/ceilometer/
plugins/openstack/ceilometer/check_ceilometer-agent-central.sh
plugins/openstack/ceilometer/check_ceilometer-collector.sh
plugins/openstack/ceilometer/check_ceilometer-agent-compute.sh
plugins/openstack/ceilometer/check_ceilometer-api.sh
plugins/openstack/nova/
plugins/openstack/nova/nova-hypervisor-metrics.py
plugins/openstack/nova/nova-server-state-metrics.py
plugins/uchiwa/
plugins/uchiwa/uchiwa-health.rb
plugins/serverspec/
plugins/serverspec/check-serverspec.rb
plugins/check-tripwire.rb
plugins/redis/
plugins/redis/check-redis-slave-status.rb
plugins/redis/check-redis-info.rb
plugins/redis/check-redis-memory.rb
plugins/redis/redis-llen-metric.rb
plugins/redis/check-redis-list-length.rb
plugins/redis/redis-graphite.rb
plugins/redis/check-redis-ping.rb
plugins/riak/
plugins/riak/check-riak-ringready.rb
plugins/riak/riak-metrics.rb
plugins/ssl/
plugins/ssl/check-ssl-cert.rb
plugins/ssl/check-ssl-qualys.rb
plugins/ssl/check-ssl-host.rb
plugins/windows/
plugins/windows/ram-usage-windows.rb
plugins/windows/windows-cpu-load-metrics.rb
plugins/windows/check-iis-current-connections.rb
plugins/windows/check-process.rb
plugins/windows/check-disk-windows.rb
plugins/windows/check-windows-cpu-load.rb
plugins/windows/disk-usage-metrics.rb
plugins/windows/check-service-windows.rb
plugins/windows/iis-get-requests-metrics.rb
plugins/windows/iis-current-connections-metrics.rb
plugins/postgres/
plugins/postgres/postgres-graphite.rb
plugins/postgres/postgres-statsio-metric.rb
plugins/postgres/postgres-connections-metric.rb
plugins/postgres/postgres-alive.rb
plugins/postgres/postgres-statstable-metric.rb
plugins/postgres/postgres-statsdb-metric.rb
plugins/postgres/postgres-statsbgwriter-metric.rb
plugins/postgres/postgres-locks-metric.rb
plugins/postgres/postgres-replication.rb
plugins/postgres/postgres-dbsize-metric.rb
plugins/processes/
plugins/processes/check-cmd.rb
plugins/processes/check-procs.rb
plugins/docker/
plugins/docker/docker-container-metrics.rb
plugins/docker/check-container.rb
plugins/docker/check-docker-container.rb
plugins/ceph/
plugins/ceph/check-ceph.rb
plugins/ceph/ceph-osd-metrics.rb
plugins/sftp/
plugins/sftp/check-sftp.rb
plugins/icecast2/
plugins/icecast2/icecast2-metrics.rb
plugins/icecast2/check-icecast2-alive.rb
plugins/cassandra/
plugins/cassandra/check-cassandra-schema.rb
plugins/cassandra/cassandra-graphite.rb
plugins/sip/
plugins/sip/check_sip.rb
plugins/ping/
plugins/ping/check-ping.rb
plugins/imap/
plugins/imap/check-imap.rb
plugins/ftp/
plugins/ftp/check-ftp.rb
plugins/resque/
plugins/resque/resque-metrics.rb
plugins/ipmi/
plugins/ipmi/check-sensor.rb
plugins/fluentd/
plugins/fluentd/check-fluentd-monitor-agent.rb
plugins/varnish/
plugins/varnish/varnish-metrics.rb
Running in chroot, ignoring request.
Loaded plugins: fastestmirror
Determining fastest mirrors
 * base: centos-mirror.cyberhost.ro
 * epel: fedora.mirrors.telekom.ro
 * extras: mirrors.m247.ro
 * updates: centos-mirror.cyberhost.ro
Resolving Dependencies
--> Running transaction check
---> Package NetworkManager.x86_64 1:1.0.6-27.el7 will be updated
---> Package NetworkManager.x86_64 1:1.0.6-30.el7_2 will be an update
---> Package NetworkManager-libnm.x86_64 1:1.0.6-27.el7 will be updated
---> Package NetworkManager-libnm.x86_64 1:1.0.6-30.el7_2 will be an update
---> Package NetworkManager-team.x86_64 1:1.0.6-27.el7 will be updated
---> Package NetworkManager-team.x86_64 1:1.0.6-30.el7_2 will be an update
---> Package NetworkManager-tui.x86_64 1:1.0.6-27.el7 will be updated
---> Package NetworkManager-tui.x86_64 1:1.0.6-30.el7_2 will be an update
---> Package avahi-autoipd.x86_64 0:0.6.31-15.el7 will be updated
---> Package avahi-autoipd.x86_64 0:0.6.31-15.el7_2.1 will be an update
---> Package avahi-libs.x86_64 0:0.6.31-15.el7 will be updated
---> Package avahi-libs.x86_64 0:0.6.31-15.el7_2.1 will be an update
---> Package bash.x86_64 0:4.2.46-19.el7 will be updated
---> Package bash.x86_64 0:4.2.46-20.el7_2 will be an update
---> Package bind-libs-lite.x86_64 32:9.9.4-29.el7 will be updated
---> Package bind-libs-lite.x86_64 32:9.9.4-29.el7_2.3 will be an update
---> Package bind-license.noarch 32:9.9.4-29.el7 will be updated
---> Package bind-license.noarch 32:9.9.4-29.el7_2.3 will be an update
---> Package ca-certificates.noarch 0:2015.2.4-71.el7 will be updated
---> Package ca-certificates.noarch 0:2015.2.6-70.1.el7_2 will be an update
---> Package chkconfig.x86_64 0:1.3.61-5.el7 will be updated
---> Package chkconfig.x86_64 0:1.3.61-5.el7_2.1 will be an update
---> Package coreutils.x86_64 0:8.22-15.el7 will be updated
---> Package coreutils.x86_64 0:8.22-15.el7_2.1 will be an update
---> Package cronie.x86_64 0:1.4.11-14.el7 will be updated
---> Package cronie.x86_64 0:1.4.11-14.el7_2.1 will be an update
---> Package cronie-anacron.x86_64 0:1.4.11-14.el7 will be updated
---> Package cronie-anacron.x86_64 0:1.4.11-14.el7_2.1 will be an update
---> Package cyrus-sasl-lib.x86_64 0:2.1.26-19.2.el7 will be updated
---> Package cyrus-sasl-lib.x86_64 0:2.1.26-20.el7_2 will be an update
---> Package dbus.x86_64 1:1.6.12-13.el7 will be updated
---> Package dbus.x86_64 1:1.6.12-14.el7_2 will be an update
---> Package dbus-libs.x86_64 1:1.6.12-13.el7 will be updated
---> Package dbus-libs.x86_64 1:1.6.12-14.el7_2 will be an update
---> Package device-mapper.x86_64 7:1.02.107-5.el7 will be updated
---> Package device-mapper.x86_64 7:1.02.107-5.el7_2.5 will be an update
---> Package device-mapper-event.x86_64 7:1.02.107-5.el7 will be updated
---> Package device-mapper-event.x86_64 7:1.02.107-5.el7_2.5 will be an update
---> Package device-mapper-event-libs.x86_64 7:1.02.107-5.el7 will be updated
---> Package device-mapper-event-libs.x86_64 7:1.02.107-5.el7_2.5 will be an update
---> Package device-mapper-libs.x86_64 7:1.02.107-5.el7 will be updated
---> Package device-mapper-libs.x86_64 7:1.02.107-5.el7_2.5 will be an update
---> Package device-mapper-persistent-data.x86_64 0:0.5.5-1.el7 will be updated
---> Package device-mapper-persistent-data.x86_64 0:0.6.2-1.el7_2 will be an update
---> Package dracut.x86_64 0:033-359.el7 will be updated
---> Package dracut.x86_64 0:033-360.el7_2.1 will be an update
---> Package dracut-config-rescue.x86_64 0:033-359.el7 will be updated
---> Package dracut-config-rescue.x86_64 0:033-360.el7_2.1 will be an update
---> Package dracut-network.x86_64 0:033-359.el7 will be updated
---> Package dracut-network.x86_64 0:033-360.el7_2.1 will be an update
---> Package glibc.x86_64 0:2.17-105.el7 will be updated
---> Package glibc.x86_64 0:2.17-106.el7_2.8 will be an update
---> Package glibc-common.x86_64 0:2.17-105.el7 will be updated
---> Package glibc-common.x86_64 0:2.17-106.el7_2.8 will be an update
---> Package gmp.x86_64 1:6.0.0-11.el7 will be updated
---> Package gmp.x86_64 1:6.0.0-12.el7_1 will be an update
---> Package gnutls.x86_64 0:3.3.8-12.el7_1.1 will be updated
---> Package gnutls.x86_64 0:3.3.8-14.el7_2 will be an update
---> Package grub2.x86_64 1:2.02-0.29.el7.centos will be updated
---> Package grub2.x86_64 1:2.02-0.34.el7.centos will be an update
---> Package grub2-tools.x86_64 1:2.02-0.29.el7.centos will be updated
---> Package grub2-tools.x86_64 1:2.02-0.34.el7.centos will be an update
---> Package initscripts.x86_64 0:9.49.30-1.el7 will be updated
---> Package initscripts.x86_64 0:9.49.30-1.el7_2.3 will be an update
---> Package iproute.x86_64 0:3.10.0-54.el7 will be updated
---> Package iproute.x86_64 0:3.10.0-54.el7_2.1 will be an update
---> Package kernel.x86_64 0:3.10.0-327.28.3.el7 will be installed
---> Package kernel-tools.x86_64 0:3.10.0-327.el7 will be updated
---> Package kernel-tools.x86_64 0:3.10.0-327.28.3.el7 will be an update
---> Package kernel-tools-libs.x86_64 0:3.10.0-327.el7 will be updated
---> Package kernel-tools-libs.x86_64 0:3.10.0-327.28.3.el7 will be an update
---> Package kexec-tools.x86_64 0:2.0.7-38.el7 will be updated
---> Package kexec-tools.x86_64 0:2.0.7-38.el7_2.1 will be an update
---> Package kpartx.x86_64 0:0.4.9-85.el7 will be updated
---> Package kpartx.x86_64 0:0.4.9-85.el7_2.5 will be an update
---> Package krb5-libs.x86_64 0:1.13.2-10.el7 will be updated
---> Package krb5-libs.x86_64 0:1.13.2-12.el7_2 will be an update
---> Package libblkid.x86_64 0:2.23.2-26.el7 will be updated
---> Package libblkid.x86_64 0:2.23.2-26.el7_2.3 will be an update
---> Package libgudev1.x86_64 0:219-19.el7 will be updated
---> Package libgudev1.x86_64 0:219-19.el7_2.12 will be an update
---> Package libmount.x86_64 0:2.23.2-26.el7 will be updated
---> Package libmount.x86_64 0:2.23.2-26.el7_2.3 will be an update
---> Package libndp.x86_64 0:1.2-4.el7 will be updated
---> Package libndp.x86_64 0:1.2-6.el7_2 will be an update
---> Package libssh2.x86_64 0:1.4.3-10.el7 will be updated
---> Package libssh2.x86_64 0:1.4.3-10.el7_2.1 will be an update
---> Package libteam.x86_64 0:1.17-5.el7 will be updated
---> Package libteam.x86_64 0:1.17-6.el7_2 will be an update
---> Package libuuid.x86_64 0:2.23.2-26.el7 will be updated
---> Package libuuid.x86_64 0:2.23.2-26.el7_2.3 will be an update
---> Package libxml2.x86_64 0:2.9.1-5.el7_1.2 will be updated
---> Package libxml2.x86_64 0:2.9.1-6.el7_2.3 will be an update
---> Package logrotate.x86_64 0:3.8.6-6.el7 will be updated
---> Package logrotate.x86_64 0:3.8.6-7.el7_2 will be an update
---> Package lvm2.x86_64 7:2.02.130-5.el7 will be updated
---> Package lvm2.x86_64 7:2.02.130-5.el7_2.5 will be an update
---> Package lvm2-libs.x86_64 7:2.02.130-5.el7 will be updated
---> Package lvm2-libs.x86_64 7:2.02.130-5.el7_2.5 will be an update
---> Package mariadb-libs.x86_64 1:5.5.44-2.el7.centos will be updated
---> Package mariadb-libs.x86_64 1:5.5.50-1.el7_2 will be an update
---> Package microcode_ctl.x86_64 2:2.1-12.el7 will be updated
---> Package microcode_ctl.x86_64 2:2.1-12.el7_2.1 will be an update
---> Package nspr.x86_64 0:4.10.8-2.el7_1 will be updated
---> Package nspr.x86_64 0:4.11.0-1.el7_2 will be an update
---> Package nss.x86_64 0:3.19.1-18.el7 will be updated
---> Package nss.x86_64 0:3.21.0-9.el7_2 will be an update
---> Package nss-softokn.x86_64 0:3.16.2.3-13.el7_1 will be updated
---> Package nss-softokn.x86_64 0:3.16.2.3-14.2.el7_2 will be an update
---> Package nss-softokn-freebl.x86_64 0:3.16.2.3-13.el7_1 will be updated
---> Package nss-softokn-freebl.x86_64 0:3.16.2.3-14.2.el7_2 will be an update
---> Package nss-sysinit.x86_64 0:3.19.1-18.el7 will be updated
---> Package nss-sysinit.x86_64 0:3.21.0-9.el7_2 will be an update
---> Package nss-tools.x86_64 0:3.19.1-18.el7 will be updated
---> Package nss-tools.x86_64 0:3.21.0-9.el7_2 will be an update
---> Package nss-util.x86_64 0:3.19.1-4.el7_1 will be updated
---> Package nss-util.x86_64 0:3.21.0-2.2.el7_2 will be an update
---> Package ntp.x86_64 0:4.2.6p5-22.el7.centos will be updated
---> Package ntp.x86_64 0:4.2.6p5-22.el7.centos.2 will be an update
---> Package ntpdate.x86_64 0:4.2.6p5-22.el7.centos will be updated
---> Package ntpdate.x86_64 0:4.2.6p5-22.el7.centos.2 will be an update
---> Package numactl-libs.x86_64 0:2.0.9-5.el7_1 will be updated
---> Package numactl-libs.x86_64 0:2.0.9-6.el7_2 will be an update
---> Package open-vm-tools.x86_64 0:9.10.2-4.el7 will be updated
---> Package open-vm-tools.x86_64 0:9.10.2-5.el7_2 will be an update
---> Package openldap.x86_64 0:2.4.40-8.el7 will be updated
---> Package openldap.x86_64 0:2.4.40-9.el7_2 will be an update
---> Package openssh.x86_64 0:6.6.1p1-22.el7 will be updated
---> Package openssh.x86_64 0:6.6.1p1-25.el7_2 will be an update
---> Package openssh-clients.x86_64 0:6.6.1p1-22.el7 will be updated
---> Package openssh-clients.x86_64 0:6.6.1p1-25.el7_2 will be an update
---> Package openssh-server.x86_64 0:6.6.1p1-22.el7 will be updated
---> Package openssh-server.x86_64 0:6.6.1p1-25.el7_2 will be an update
---> Package openssl.x86_64 1:1.0.1e-42.el7.9 will be updated
---> Package openssl.x86_64 1:1.0.1e-51.el7_2.5 will be an update
---> Package openssl-libs.x86_64 1:1.0.1e-42.el7.9 will be updated
---> Package openssl-libs.x86_64 1:1.0.1e-51.el7_2.5 will be an update
---> Package pcre.x86_64 0:8.32-15.el7 will be updated
---> Package pcre.x86_64 0:8.32-15.el7_2.1 will be an update
---> Package polkit.x86_64 0:0.112-5.el7 will be updated
---> Package polkit.x86_64 0:0.112-7.el7_2 will be an update
---> Package procps-ng.x86_64 0:3.3.10-3.el7 will be updated
---> Package procps-ng.x86_64 0:3.3.10-5.el7_2 will be an update
---> Package python.x86_64 0:2.7.5-34.el7 will be updated
---> Package python.x86_64 0:2.7.5-38.el7_2 will be an update
---> Package python-libs.x86_64 0:2.7.5-34.el7 will be updated
---> Package python-libs.x86_64 0:2.7.5-38.el7_2 will be an update
---> Package python-perf.x86_64 0:3.10.0-327.el7 will be updated
---> Package python-perf.x86_64 0:3.10.0-327.28.3.el7 will be an update
---> Package python-pyudev.noarch 0:0.15-7.el7 will be updated
---> Package python-pyudev.noarch 0:0.15-7.el7_2.1 will be an update
---> Package rdma.noarch 0:7.2_4.1_rc6-1.el7 will be updated
---> Package rdma.noarch 0:7.2_4.1_rc6-2.el7 will be an update
---> Package selinux-policy.noarch 0:3.13.1-60.el7 will be updated
---> Package selinux-policy.noarch 0:3.13.1-60.el7_2.7 will be an update
---> Package selinux-policy-targeted.noarch 0:3.13.1-60.el7 will be updated
---> Package selinux-policy-targeted.noarch 0:3.13.1-60.el7_2.7 will be an update
---> Package sudo.x86_64 0:1.8.6p7-16.el7 will be updated
---> Package sudo.x86_64 0:1.8.6p7-17.el7_2 will be an update
---> Package systemd.x86_64 0:219-19.el7 will be updated
---> Package systemd.x86_64 0:219-19.el7_2.12 will be an update
---> Package systemd-libs.x86_64 0:219-19.el7 will be updated
---> Package systemd-libs.x86_64 0:219-19.el7_2.12 will be an update
---> Package systemd-python.x86_64 0:219-19.el7 will be updated
---> Package systemd-python.x86_64 0:219-19.el7_2.12 will be an update
---> Package systemd-sysv.x86_64 0:219-19.el7 will be updated
---> Package systemd-sysv.x86_64 0:219-19.el7_2.12 will be an update
---> Package teamd.x86_64 0:1.17-5.el7 will be updated
---> Package teamd.x86_64 0:1.17-6.el7_2 will be an update
---> Package tuned.noarch 0:2.5.1-4.el7 will be updated
---> Package tuned.noarch 0:2.5.1-4.el7_2.3 will be an update
---> Package tzdata.noarch 0:2015g-1.el7 will be updated
---> Package tzdata.noarch 0:2016f-1.el7 will be an update
---> Package util-linux.x86_64 0:2.23.2-26.el7 will be updated
---> Package util-linux.x86_64 0:2.23.2-26.el7_2.3 will be an update
--> Finished Dependency Resolution

Dependencies Resolved

================================================================================
 Package                        Arch    Version                  Repository
                                                                           Size
================================================================================
Installing:
 kernel                         x86_64  3.10.0-327.28.3.el7      updates   33 M
Updating:
 NetworkManager                 x86_64  1:1.0.6-30.el7_2         updates  2.0 M
 NetworkManager-libnm           x86_64  1:1.0.6-30.el7_2         updates  498 k
 NetworkManager-team            x86_64  1:1.0.6-30.el7_2         updates  132 k
 NetworkManager-tui             x86_64  1:1.0.6-30.el7_2         updates  212 k
 avahi-autoipd                  x86_64  0.6.31-15.el7_2.1        updates   39 k
 avahi-libs                     x86_64  0.6.31-15.el7_2.1        updates   61 k
 bash                           x86_64  4.2.46-20.el7_2          updates  1.0 M
 bind-libs-lite                 x86_64  32:9.9.4-29.el7_2.3      updates  724 k
 bind-license                   noarch  32:9.9.4-29.el7_2.3      updates   82 k
 ca-certificates                noarch  2015.2.6-70.1.el7_2      updates  428 k
 chkconfig                      x86_64  1.3.61-5.el7_2.1         updates  173 k
 coreutils                      x86_64  8.22-15.el7_2.1          updates  3.2 M
 cronie                         x86_64  1.4.11-14.el7_2.1        updates   90 k
 cronie-anacron                 x86_64  1.4.11-14.el7_2.1        updates   35 k
 cyrus-sasl-lib                 x86_64  2.1.26-20.el7_2          updates  155 k
 dbus                           x86_64  1:1.6.12-14.el7_2        updates  306 k
 dbus-libs                      x86_64  1:1.6.12-14.el7_2        updates  151 k
 device-mapper                  x86_64  7:1.02.107-5.el7_2.5     updates  252 k
 device-mapper-event            x86_64  7:1.02.107-5.el7_2.5     updates  167 k
 device-mapper-event-libs       x86_64  7:1.02.107-5.el7_2.5     updates  169 k
 device-mapper-libs             x86_64  7:1.02.107-5.el7_2.5     updates  305 k
 device-mapper-persistent-data  x86_64  0.6.2-1.el7_2            updates  366 k
 dracut                         x86_64  033-360.el7_2.1          updates  311 k
 dracut-config-rescue           x86_64  033-360.el7_2.1          updates   50 k
 dracut-network                 x86_64  033-360.el7_2.1          updates   90 k
 glibc                          x86_64  2.17-106.el7_2.8         updates  3.6 M
 glibc-common                   x86_64  2.17-106.el7_2.8         updates   11 M
 gmp                            x86_64  1:6.0.0-12.el7_1         updates  280 k
 gnutls                         x86_64  3.3.8-14.el7_2           updates  662 k
 grub2                          x86_64  1:2.02-0.34.el7.centos   updates  1.5 M
 grub2-tools                    x86_64  1:2.02-0.34.el7.centos   updates  3.3 M
 initscripts                    x86_64  9.49.30-1.el7_2.3        updates  429 k
 iproute                        x86_64  3.10.0-54.el7_2.1        updates  526 k
 kernel-tools                   x86_64  3.10.0-327.28.3.el7      updates  2.4 M
 kernel-tools-libs              x86_64  3.10.0-327.28.3.el7      updates  2.3 M
 kexec-tools                    x86_64  2.0.7-38.el7_2.1         updates  306 k
 kpartx                         x86_64  0.4.9-85.el7_2.5         updates   60 k
 krb5-libs                      x86_64  1.13.2-12.el7_2          updates  843 k
 libblkid                       x86_64  2.23.2-26.el7_2.3        updates  167 k
 libgudev1                      x86_64  219-19.el7_2.12          updates   66 k
 libmount                       x86_64  2.23.2-26.el7_2.3        updates  169 k
 libndp                         x86_64  1.2-6.el7_2              updates   31 k
 libssh2                        x86_64  1.4.3-10.el7_2.1         updates  134 k
 libteam                        x86_64  1.17-6.el7_2             updates   45 k
 libuuid                        x86_64  2.23.2-26.el7_2.3        updates   74 k
 libxml2                        x86_64  2.9.1-6.el7_2.3          updates  668 k
 logrotate                      x86_64  3.8.6-7.el7_2            updates   66 k
 lvm2                           x86_64  7:2.02.130-5.el7_2.5     updates  1.0 M
 lvm2-libs                      x86_64  7:2.02.130-5.el7_2.5     updates  873 k
 mariadb-libs                   x86_64  1:5.5.50-1.el7_2         updates  755 k
 microcode_ctl                  x86_64  2:2.1-12.el7_2.1         updates  535 k
 nspr                           x86_64  4.11.0-1.el7_2           updates  126 k
 nss                            x86_64  3.21.0-9.el7_2           updates  850 k
 nss-softokn                    x86_64  3.16.2.3-14.2.el7_2      updates  305 k
 nss-softokn-freebl             x86_64  3.16.2.3-14.2.el7_2      updates  204 k
 nss-sysinit                    x86_64  3.21.0-9.el7_2           updates   55 k
 nss-tools                      x86_64  3.21.0-9.el7_2           updates  487 k
 nss-util                       x86_64  3.21.0-2.2.el7_2         updates   72 k
 ntp                            x86_64  4.2.6p5-22.el7.centos.2  updates  544 k
 ntpdate                        x86_64  4.2.6p5-22.el7.centos.2  updates   84 k
 numactl-libs                   x86_64  2.0.9-6.el7_2            updates   29 k
 open-vm-tools                  x86_64  9.10.2-5.el7_2           updates  472 k
 openldap                       x86_64  2.4.40-9.el7_2           updates  348 k
 openssh                        x86_64  6.6.1p1-25.el7_2         updates  435 k
 openssh-clients                x86_64  6.6.1p1-25.el7_2         updates  639 k
 openssh-server                 x86_64  6.6.1p1-25.el7_2         updates  436 k
 openssl                        x86_64  1:1.0.1e-51.el7_2.5      updates  712 k
 openssl-libs                   x86_64  1:1.0.1e-51.el7_2.5      updates  952 k
 pcre                           x86_64  8.32-15.el7_2.1          updates  420 k
 polkit                         x86_64  0.112-7.el7_2            updates  166 k
 procps-ng                      x86_64  3.3.10-5.el7_2           updates  287 k
 python                         x86_64  2.7.5-38.el7_2           updates   89 k
 python-libs                    x86_64  2.7.5-38.el7_2           updates  5.6 M
 python-perf                    x86_64  3.10.0-327.28.3.el7      updates  2.4 M
 python-pyudev                  noarch  0.15-7.el7_2.1           updates   54 k
 rdma                           noarch  7.2_4.1_rc6-2.el7        updates   28 k
 selinux-policy                 noarch  3.13.1-60.el7_2.7        updates  376 k
 selinux-policy-targeted        noarch  3.13.1-60.el7_2.7        updates  3.9 M
 sudo                           x86_64  1.8.6p7-17.el7_2         updates  732 k
 systemd                        x86_64  219-19.el7_2.12          updates  5.1 M
 systemd-libs                   x86_64  219-19.el7_2.12          updates  358 k
 systemd-python                 x86_64  219-19.el7_2.12          updates   99 k
 systemd-sysv                   x86_64  219-19.el7_2.12          updates   53 k
 teamd                          x86_64  1.17-6.el7_2             updates  109 k
 tuned                          noarch  2.5.1-4.el7_2.3          updates  193 k
 tzdata                         noarch  2016f-1.el7              updates  439 k
 util-linux                     x86_64  2.23.2-26.el7_2.3        updates  1.9 M

Transaction Summary
================================================================================
Install   1 Package
Upgrade  87 Packages

Total download size: 105 M
Downloading packages:
Delta RPMs disabled because /usr/bin/applydeltarpm not installed.
warning: /var/cache/yum/x86_64/7/updates/packages/NetworkManager-team-1.0.6-30.el7_2.x86_64.rpm: Header V3 RSA/SHA256 Signature, key ID f4a80eb5: NOKEY
Public key for NetworkManager-team-1.0.6-30.el7_2.x86_64.rpm is not installed
--------------------------------------------------------------------------------
Total                                              3.5 MB/s | 105 MB  00:30     
Retrieving key from file:///etc/pki/rpm-gpg/RPM-GPG-KEY-CentOS-7
Importing GPG key 0xF4A80EB5:
 Userid     : "CentOS-7 Key (CentOS 7 Official Signing Key) <security@centos.org>"
 Fingerprint: 6341 ab27 53d7 8a78 a7c2 7bb1 24c6 a8a7 f4a8 0eb5
 Package    : centos-release-7-2.1511.el7.centos.2.10.x86_64 (@centosmirror)
 From       : /etc/pki/rpm-gpg/RPM-GPG-KEY-CentOS-7
Running transaction check
Running transaction test
Transaction test succeeded
Running transaction
  Updating   : tzdata-2016f-1.el7.noarch                                  1/175 
  Updating   : bash-4.2.46-20.el7_2.x86_64                                2/175 
  Updating   : nss-softokn-freebl-3.16.2.3-14.2.el7_2.x86_64              3/175 
  Updating   : glibc-2.17-106.el7_2.8.x86_64                              4/175 
Running in chroot, ignoring request.
  Updating   : glibc-common-2.17-106.el7_2.8.x86_64                       5/175 
  Updating   : systemd-libs-219-19.el7_2.12.x86_64                        6/175 
  Updating   : nspr-4.11.0-1.el7_2.x86_64                                 7/175 
  Updating   : nss-util-3.21.0-2.2.el7_2.x86_64                           8/175 
  Updating   : libuuid-2.23.2-26.el7_2.3.x86_64                           9/175 
  Updating   : 1:dbus-libs-1.6.12-14.el7_2.x86_64                        10/175 
  Updating   : libgudev1-219-19.el7_2.12.x86_64                          11/175 
  Updating   : procps-ng-3.3.10-5.el7_2.x86_64                           12/175 
  Updating   : iproute-3.10.0-54.el7_2.1.x86_64                          13/175 
  Updating   : chkconfig-1.3.61-5.el7_2.1.x86_64                         14/175 
  Updating   : nss-softokn-3.16.2.3-14.2.el7_2.x86_64                    15/175 
  Updating   : 1:gmp-6.0.0-12.el7_1.x86_64                               16/175 
  Updating   : krb5-libs-1.13.2-12.el7_2.x86_64                          17/175 
  Updating   : 1:openssl-libs-1.0.1e-51.el7_2.5.x86_64                   18/175 
  Updating   : coreutils-8.22-15.el7_2.1.x86_64                          19/175 
  Updating   : ca-certificates-2015.2.6-70.1.el7_2.noarch                20/175 
  Updating   : libblkid-2.23.2-26.el7_2.3.x86_64                         21/175 
  Updating   : python-libs-2.7.5-38.el7_2.x86_64                         22/175 
  Updating   : python-2.7.5-38.el7_2.x86_64                              23/175 
  Updating   : libmount-2.23.2-26.el7_2.3.x86_64                         24/175 
  Updating   : systemd-219-19.el7_2.12.x86_64                            25/175 
  Updating   : 1:dbus-1.6.12-14.el7_2.x86_64                             26/175 
  Updating   : util-linux-2.23.2-26.el7_2.3.x86_64                       27/175 
  Updating   : 7:device-mapper-libs-1.02.107-5.el7_2.5.x86_64            28/175 
  Updating   : 7:device-mapper-1.02.107-5.el7_2.5.x86_64                 29/175 
  Updating   : 7:device-mapper-event-libs-1.02.107-5.el7_2.5.x86_64      30/175 
  Updating   : initscripts-9.49.30-1.el7_2.3.x86_64                      31/175 
  Updating   : 7:device-mapper-event-1.02.107-5.el7_2.5.x86_64           32/175 
Running in chroot, ignoring request.
  Updating   : 7:lvm2-libs-2.02.130-5.el7_2.5.x86_64                     33/175 
  Updating   : 1:grub2-tools-2.02-0.34.el7.centos.x86_64                 34/175 
  Updating   : kpartx-0.4.9-85.el7_2.5.x86_64                            35/175 
  Updating   : dracut-033-360.el7_2.1.x86_64                             36/175 
  Updating   : dracut-network-033-360.el7_2.1.x86_64                     37/175 
  Updating   : polkit-0.112-7.el7_2.x86_64                               38/175 
  Updating   : systemd-sysv-219-19.el7_2.12.x86_64                       39/175 
  Updating   : ntpdate-4.2.6p5-22.el7.centos.2.x86_64                    40/175 
  Updating   : cronie-anacron-1.4.11-14.el7_2.1.x86_64                   41/175 
  Updating   : cronie-1.4.11-14.el7_2.1.x86_64                           42/175 
  Updating   : python-pyudev-0.15-7.el7_2.1.noarch                       43/175 
  Updating   : python-perf-3.10.0-327.28.3.el7.x86_64                    44/175 
  Updating   : selinux-policy-3.13.1-60.el7_2.7.noarch                   45/175 
  Updating   : nss-3.21.0-9.el7_2.x86_64                                 46/175 
  Updating   : nss-sysinit-3.21.0-9.el7_2.x86_64                         47/175 
  Updating   : 1:NetworkManager-libnm-1.0.6-30.el7_2.x86_64              48/175 
  Updating   : nss-tools-3.21.0-9.el7_2.x86_64                           49/175 
  Updating   : avahi-libs-0.6.31-15.el7_2.1.x86_64                       50/175 
  Updating   : avahi-autoipd-0.6.31-15.el7_2.1.x86_64                    51/175 
  Updating   : kernel-tools-libs-3.10.0-327.28.3.el7.x86_64              52/175 
  Updating   : libndp-1.2-6.el7_2.x86_64                                 53/175 
  Updating   : 1:NetworkManager-1.0.6-30.el7_2.x86_64                    54/175 
  Updating   : cyrus-sasl-lib-2.1.26-20.el7_2.x86_64                     55/175 
  Updating   : openldap-2.4.40-9.el7_2.x86_64                            56/175 
  Updating   : openssh-6.6.1p1-25.el7_2.x86_64                           57/175 
  Updating   : libxml2-2.9.1-6.el7_2.3.x86_64                            58/175 
  Updating   : device-mapper-persistent-data-0.6.2-1.el7_2.x86_64        59/175 
  Updating   : libteam-1.17-6.el7_2.x86_64                               60/175 
  Updating   : teamd-1.17-6.el7_2.x86_64                                 61/175 
  Updating   : 32:bind-license-9.9.4-29.el7_2.3.noarch                   62/175 
  Updating   : 32:bind-libs-lite-9.9.4-29.el7_2.3.x86_64                 63/175 
  Updating   : 1:NetworkManager-team-1.0.6-30.el7_2.x86_64               64/175 
  Updating   : 7:lvm2-2.02.130-5.el7_2.5.x86_64                          65/175 
Running in chroot, ignoring request.
Running in chroot, ignoring request.
  Updating   : openssh-server-6.6.1p1-25.el7_2.x86_64                    66/175 
  Updating   : openssh-clients-6.6.1p1-25.el7_2.x86_64                   67/175 
  Updating   : sudo-1.8.6p7-17.el7_2.x86_64                              68/175 
  Updating   : 1:NetworkManager-tui-1.0.6-30.el7_2.x86_64                69/175 
  Updating   : kernel-tools-3.10.0-327.28.3.el7.x86_64                   70/175 
  Updating   : selinux-policy-targeted-3.13.1-60.el7_2.7.noarch          71/175 
  Updating   : tuned-2.5.1-4.el7_2.3.noarch                              72/175 
  Updating   : ntp-4.2.6p5-22.el7.centos.2.x86_64                        73/175 
  Updating   : kexec-tools-2.0.7-38.el7_2.1.x86_64                       74/175 
  Installing : kernel-3.10.0-327.28.3.el7.x86_64                         75/175 
  Updating   : dracut-config-rescue-033-360.el7_2.1.x86_64               76/175 
  Updating   : 1:grub2-2.02-0.34.el7.centos.x86_64                       77/175 
  Updating   : rdma-7.2_4.1_rc6-2.el7.noarch                             78/175 
  Updating   : open-vm-tools-9.10.2-5.el7_2.x86_64                       79/175 
  Updating   : systemd-python-219-19.el7_2.12.x86_64                     80/175 
  Updating   : 2:microcode_ctl-2.1-12.el7_2.1.x86_64                     81/175 
  Updating   : 1:openssl-1.0.1e-51.el7_2.5.x86_64                        82/175 
  Updating   : logrotate-3.8.6-7.el7_2.x86_64                            83/175 
  Updating   : libssh2-1.4.3-10.el7_2.1.x86_64                           84/175 
  Updating   : 1:mariadb-libs-5.5.50-1.el7_2.x86_64                      85/175 
  Updating   : gnutls-3.3.8-14.el7_2.x86_64                              86/175 
  Updating   : pcre-8.32-15.el7_2.1.x86_64                               87/175 
  Updating   : numactl-libs-2.0.9-6.el7_2.x86_64                         88/175 
  Cleanup    : 1:NetworkManager-tui-1.0.6-27.el7.x86_64                  89/175 
  Cleanup    : 7:lvm2-2.02.130-5.el7.x86_64                              90/175 
  Cleanup    : open-vm-tools-9.10.2-4.el7.x86_64                         91/175 
  Cleanup    : openssh-server-6.6.1p1-22.el7.x86_64                      92/175 
  Cleanup    : initscripts-9.49.30-1.el7.x86_64                          93/175 
  Cleanup    : 7:lvm2-libs-2.02.130-5.el7.x86_64                         94/175 
  Cleanup    : openssh-clients-6.6.1p1-22.el7.x86_64                     95/175 
  Cleanup    : 32:bind-libs-lite-9.9.4-29.el7.x86_64                     96/175 
  Cleanup    : 7:device-mapper-event-1.02.107-5.el7.x86_64               97/175 
  Cleanup    : 1:openssl-1.0.1e-42.el7.9.x86_64                          98/175 
  Cleanup    : openssh-6.6.1p1-22.el7.x86_64                             99/175 
  Cleanup    : ntp-4.2.6p5-22.el7.centos.x86_64                         100/175 
  Cleanup    : systemd-python-219-19.el7.x86_64                         101/175 
  Cleanup    : tuned-2.5.1-4.el7.noarch                                 102/175 
  Cleanup    : 1:NetworkManager-team-1.0.6-27.el7.x86_64                103/175 
  Cleanup    : 1:NetworkManager-1.0.6-27.el7.x86_64                     104/175 
  Cleanup    : 1:NetworkManager-libnm-1.0.6-27.el7.x86_64               105/175 
  Cleanup    : polkit-0.112-5.el7.x86_64                                106/175 
  Cleanup    : kexec-tools-2.0.7-38.el7.x86_64                          107/175 
  Cleanup    : teamd-1.17-5.el7.x86_64                                  108/175 
  Cleanup    : ntpdate-4.2.6p5-22.el7.centos.x86_64                     109/175 
  Cleanup    : 1:mariadb-libs-5.5.44-2.el7.centos.x86_64                110/175 
  Cleanup    : kernel-tools-3.10.0-327.el7.x86_64                       111/175 
  Cleanup    : libgudev1-219-19.el7.x86_64                              112/175 
  Cleanup    : python-perf-3.10.0-327.el7.x86_64                        113/175 
  Cleanup    : cronie-1.4.11-14.el7.x86_64                              114/175 
  Cleanup    : cronie-anacron-1.4.11-14.el7.x86_64                      115/175 
  Cleanup    : sudo-1.8.6p7-16.el7.x86_64                               116/175 
  Cleanup    : dracut-network-033-359.el7.x86_64                        117/175 
  Cleanup    : rdma-7.2_4.1_rc6-1.el7.noarch                            118/175 
  Cleanup    : selinux-policy-targeted-3.13.1-60.el7.noarch             119/175 
  Cleanup    : 1:grub2-2.02-0.29.el7.centos.x86_64                      120/175 
  Cleanup    : openldap-2.4.40-8.el7.x86_64                             121/175 
  Cleanup    : nss-tools-3.19.1-18.el7.x86_64                           122/175 
  Cleanup    : nss-sysinit-3.19.1-18.el7.x86_64                         123/175 
  Cleanup    : nss-3.19.1-18.el7.x86_64                                 124/175 
  Cleanup    : nss-softokn-3.16.2.3-13.el7_1.x86_64                     125/175 
  Cleanup    : nss-util-3.19.1-4.el7_1.x86_64                           126/175 
  Cleanup    : 1:grub2-tools-2.02-0.29.el7.centos.x86_64                127/175 
  Cleanup    : avahi-autoipd-0.6.31-15.el7.x86_64                       128/175 
  Cleanup    : avahi-libs-0.6.31-15.el7.x86_64                          129/175 
  Cleanup    : 7:device-mapper-event-libs-1.02.107-5.el7.x86_64         130/175 
  Cleanup    : logrotate-3.8.6-6.el7.x86_64                             131/175 
  Cleanup    : libssh2-1.4.3-10.el7.x86_64                              132/175 
  Cleanup    : 2:microcode_ctl-2.1-12.el7.x86_64                        133/175 
  Cleanup    : gnutls-3.3.8-12.el7_1.1.x86_64                           134/175 
  Cleanup    : selinux-policy-3.13.1-60.el7.noarch                      135/175 
  Cleanup    : systemd-sysv-219-19.el7.x86_64                           136/175 
  Cleanup    : dracut-config-rescue-033-359.el7.x86_64                  137/175 
  Cleanup    : python-pyudev-0.15-7.el7.noarch                          138/175 
  Cleanup    : dracut-033-359.el7.x86_64                                139/175 
  Cleanup    : python-2.7.5-34.el7.x86_64                               140/175 
  Cleanup    : python-libs-2.7.5-34.el7.x86_64                          141/175 
  Cleanup    : kpartx-0.4.9-85.el7.x86_64                               142/175 
  Cleanup    : 7:device-mapper-1.02.107-5.el7.x86_64                    143/175 
  Cleanup    : 7:device-mapper-libs-1.02.107-5.el7.x86_64               144/175 
  Cleanup    : util-linux-2.23.2-26.el7.x86_64                          145/175 
  Cleanup    : 1:dbus-1.6.12-13.el7.x86_64                              146/175 
  Cleanup    : systemd-219-19.el7.x86_64                                147/175 
  Cleanup    : libmount-2.23.2-26.el7.x86_64                            148/175 
  Cleanup    : libblkid-2.23.2-26.el7.x86_64                            149/175 
  Cleanup    : ca-certificates-2015.2.4-71.el7.noarch                   150/175 
  Cleanup    : krb5-libs-1.13.2-10.el7.x86_64                           151/175 
  Cleanup    : coreutils-8.22-15.el7.x86_64                             152/175 
  Cleanup    : 1:openssl-libs-1.0.1e-42.el7.9.x86_64                    153/175 
  Cleanup    : procps-ng-3.3.10-3.el7.x86_64                            154/175 
  Cleanup    : iproute-3.10.0-54.el7.x86_64                             155/175 
  Cleanup    : systemd-libs-219-19.el7.x86_64                           156/175 
  Cleanup    : 1:gmp-6.0.0-11.el7.x86_64                                157/175 
  Cleanup    : libuuid-2.23.2-26.el7.x86_64                             158/175 
  Cleanup    : chkconfig-1.3.61-5.el7.x86_64                            159/175 
  Cleanup    : 1:dbus-libs-1.6.12-13.el7.x86_64                         160/175 
  Cleanup    : nspr-4.10.8-2.el7_1.x86_64                               161/175 
  Cleanup    : cyrus-sasl-lib-2.1.26-19.2.el7.x86_64                    162/175 
  Cleanup    : kernel-tools-libs-3.10.0-327.el7.x86_64                  163/175 
  Cleanup    : libteam-1.17-5.el7.x86_64                                164/175 
  Cleanup    : libndp-1.2-4.el7.x86_64                                  165/175 
  Cleanup    : libxml2-2.9.1-5.el7_1.2.x86_64                           166/175 
  Cleanup    : device-mapper-persistent-data-0.5.5-1.el7.x86_64         167/175 
  Cleanup    : numactl-libs-2.0.9-5.el7_1.x86_64                        168/175 
  Cleanup    : pcre-8.32-15.el7.x86_64                                  169/175 
  Cleanup    : 32:bind-license-9.9.4-29.el7.noarch                      170/175 
  Cleanup    : glibc-common-2.17-105.el7.x86_64                         171/175 
  Cleanup    : bash-4.2.46-19.el7.x86_64                                172/175 
  Cleanup    : nss-softokn-freebl-3.16.2.3-13.el7_1.x86_64              173/175 
  Cleanup    : glibc-2.17-105.el7.x86_64                                174/175 
  Cleanup    : tzdata-2015g-1.el7.noarch                                175/175 
  Verifying  : openssh-server-6.6.1p1-25.el7_2.x86_64                     1/175 
  Verifying  : systemd-sysv-219-19.el7_2.12.x86_64                        2/175 
  Verifying  : kernel-3.10.0-327.28.3.el7.x86_64                          3/175 
  Verifying  : iproute-3.10.0-54.el7_2.1.x86_64                           4/175 
  Verifying  : libblkid-2.23.2-26.el7_2.3.x86_64                          5/175 
  Verifying  : nspr-4.11.0-1.el7_2.x86_64                                 6/175 
  Verifying  : systemd-219-19.el7_2.12.x86_64                             7/175 
  Verifying  : 32:bind-license-9.9.4-29.el7_2.3.noarch                    8/175 
  Verifying  : util-linux-2.23.2-26.el7_2.3.x86_64                        9/175 
  Verifying  : pcre-8.32-15.el7_2.1.x86_64                               10/175 
  Verifying  : gnutls-3.3.8-14.el7_2.x86_64                              11/175 
  Verifying  : sudo-1.8.6p7-17.el7_2.x86_64                              12/175 
  Verifying  : ca-certificates-2015.2.6-70.1.el7_2.noarch                13/175 
  Verifying  : 1:gmp-6.0.0-12.el7_1.x86_64                               14/175 
  Verifying  : nss-util-3.21.0-2.2.el7_2.x86_64                          15/175 
  Verifying  : 32:bind-libs-lite-9.9.4-29.el7_2.3.x86_64                 16/175 
  Verifying  : numactl-libs-2.0.9-6.el7_2.x86_64                         17/175 
  Verifying  : kernel-tools-3.10.0-327.28.3.el7.x86_64                   18/175 
  Verifying  : python-2.7.5-38.el7_2.x86_64                              19/175 
  Verifying  : cronie-anacron-1.4.11-14.el7_2.1.x86_64                   20/175 
  Verifying  : kernel-tools-libs-3.10.0-327.28.3.el7.x86_64              21/175 
  Verifying  : systemd-python-219-19.el7_2.12.x86_64                     22/175 
  Verifying  : dracut-config-rescue-033-360.el7_2.1.x86_64               23/175 
  Verifying  : libuuid-2.23.2-26.el7_2.3.x86_64                          24/175 
  Verifying  : coreutils-8.22-15.el7_2.1.x86_64                          25/175 
  Verifying  : ntp-4.2.6p5-22.el7.centos.2.x86_64                        26/175 
  Verifying  : tzdata-2016f-1.el7.noarch                                 27/175 
  Verifying  : 7:device-mapper-1.02.107-5.el7_2.5.x86_64                 28/175 
  Verifying  : libndp-1.2-6.el7_2.x86_64                                 29/175 
  Verifying  : 7:device-mapper-libs-1.02.107-5.el7_2.5.x86_64            30/175 
  Verifying  : 2:microcode_ctl-2.1-12.el7_2.1.x86_64                     31/175 
  Verifying  : ntpdate-4.2.6p5-22.el7.centos.2.x86_64                    32/175 
  Verifying  : 7:lvm2-libs-2.02.130-5.el7_2.5.x86_64                     33/175 
  Verifying  : openldap-2.4.40-9.el7_2.x86_64                            34/175 
  Verifying  : initscripts-9.49.30-1.el7_2.3.x86_64                      35/175 
  Verifying  : avahi-libs-0.6.31-15.el7_2.1.x86_64                       36/175 
  Verifying  : tuned-2.5.1-4.el7_2.3.noarch                              37/175 
  Verifying  : 7:lvm2-2.02.130-5.el7_2.5.x86_64                          38/175 
  Verifying  : glibc-2.17-106.el7_2.8.x86_64                             39/175 
  Verifying  : krb5-libs-1.13.2-12.el7_2.x86_64                          40/175 
  Verifying  : bash-4.2.46-20.el7_2.x86_64                               41/175 
  Verifying  : 1:NetworkManager-libnm-1.0.6-30.el7_2.x86_64              42/175 
  Verifying  : libssh2-1.4.3-10.el7_2.1.x86_64                           43/175 
  Verifying  : 1:openssl-libs-1.0.1e-51.el7_2.5.x86_64                   44/175 
  Verifying  : cyrus-sasl-lib-2.1.26-20.el7_2.x86_64                     45/175 
  Verifying  : nss-tools-3.21.0-9.el7_2.x86_64                           46/175 
  Verifying  : 7:device-mapper-event-libs-1.02.107-5.el7_2.5.x86_64      47/175 
  Verifying  : libxml2-2.9.1-6.el7_2.3.x86_64                            48/175 
  Verifying  : selinux-policy-3.13.1-60.el7_2.7.noarch                   49/175 
  Verifying  : chkconfig-1.3.61-5.el7_2.1.x86_64                         50/175 
  Verifying  : procps-ng-3.3.10-5.el7_2.x86_64                           51/175 
  Verifying  : avahi-autoipd-0.6.31-15.el7_2.1.x86_64                    52/175 
  Verifying  : glibc-common-2.17-106.el7_2.8.x86_64                      53/175 
  Verifying  : 1:grub2-2.02-0.34.el7.centos.x86_64                       54/175 
  Verifying  : 1:NetworkManager-tui-1.0.6-30.el7_2.x86_64                55/175 
  Verifying  : 1:openssl-1.0.1e-51.el7_2.5.x86_64                        56/175 
  Verifying  : kexec-tools-2.0.7-38.el7_2.1.x86_64                       57/175 
  Verifying  : logrotate-3.8.6-7.el7_2.x86_64                            58/175 
  Verifying  : 1:mariadb-libs-5.5.50-1.el7_2.x86_64                      59/175 
  Verifying  : teamd-1.17-6.el7_2.x86_64                                 60/175 
  Verifying  : selinux-policy-targeted-3.13.1-60.el7_2.7.noarch          61/175 
  Verifying  : 1:grub2-tools-2.02-0.34.el7.centos.x86_64                 62/175 
  Verifying  : dracut-network-033-360.el7_2.1.x86_64                     63/175 
  Verifying  : nss-3.21.0-9.el7_2.x86_64                                 64/175 
  Verifying  : nss-softokn-3.16.2.3-14.2.el7_2.x86_64                    65/175 
  Verifying  : nss-softokn-freebl-3.16.2.3-14.2.el7_2.x86_64             66/175 
  Verifying  : 1:NetworkManager-team-1.0.6-30.el7_2.x86_64               67/175 
  Verifying  : 1:NetworkManager-1.0.6-30.el7_2.x86_64                    68/175 
  Verifying  : systemd-libs-219-19.el7_2.12.x86_64                       69/175 
  Verifying  : dracut-033-360.el7_2.1.x86_64                             70/175 
  Verifying  : device-mapper-persistent-data-0.6.2-1.el7_2.x86_64        71/175 
  Verifying  : nss-sysinit-3.21.0-9.el7_2.x86_64                         72/175 
  Verifying  : python-pyudev-0.15-7.el7_2.1.noarch                       73/175 
  Verifying  : 1:dbus-1.6.12-14.el7_2.x86_64                             74/175 
  Verifying  : kpartx-0.4.9-85.el7_2.5.x86_64                            75/175 
  Verifying  : polkit-0.112-7.el7_2.x86_64                               76/175 
  Verifying  : openssh-6.6.1p1-25.el7_2.x86_64                           77/175 
  Verifying  : python-libs-2.7.5-38.el7_2.x86_64                         78/175 
  Verifying  : libteam-1.17-6.el7_2.x86_64                               79/175 
  Verifying  : rdma-7.2_4.1_rc6-2.el7.noarch                             80/175 
  Verifying  : python-perf-3.10.0-327.28.3.el7.x86_64                    81/175 
  Verifying  : open-vm-tools-9.10.2-5.el7_2.x86_64                       82/175 
  Verifying  : cronie-1.4.11-14.el7_2.1.x86_64                           83/175 
  Verifying  : 7:device-mapper-event-1.02.107-5.el7_2.5.x86_64           84/175 
  Verifying  : openssh-clients-6.6.1p1-25.el7_2.x86_64                   85/175 
  Verifying  : 1:dbus-libs-1.6.12-14.el7_2.x86_64                        86/175 
  Verifying  : libmount-2.23.2-26.el7_2.3.x86_64                         87/175 
  Verifying  : libgudev1-219-19.el7_2.12.x86_64                          88/175 
  Verifying  : dracut-config-rescue-033-359.el7.x86_64                   89/175 
  Verifying  : systemd-sysv-219-19.el7.x86_64                            90/175 
  Verifying  : gnutls-3.3.8-12.el7_1.1.x86_64                            91/175 
  Verifying  : openssh-6.6.1p1-22.el7.x86_64                             92/175 
  Verifying  : glibc-common-2.17-105.el7.x86_64                          93/175 
  Verifying  : 7:device-mapper-event-libs-1.02.107-5.el7.x86_64          94/175 
  Verifying  : polkit-0.112-5.el7.x86_64                                 95/175 
  Verifying  : avahi-autoipd-0.6.31-15.el7.x86_64                        96/175 
  Verifying  : 1:NetworkManager-1.0.6-27.el7.x86_64                      97/175 
  Verifying  : selinux-policy-3.13.1-60.el7.noarch                       98/175 
  Verifying  : systemd-libs-219-19.el7.x86_64                            99/175 
  Verifying  : libndp-1.2-4.el7.x86_64                                  100/175 
  Verifying  : ntpdate-4.2.6p5-22.el7.centos.x86_64                     101/175 
  Verifying  : device-mapper-persistent-data-0.5.5-1.el7.x86_64         102/175 
  Verifying  : 1:dbus-libs-1.6.12-13.el7.x86_64                         103/175 
  Verifying  : kpartx-0.4.9-85.el7.x86_64                               104/175 
  Verifying  : ntp-4.2.6p5-22.el7.centos.x86_64                         105/175 
  Verifying  : python-pyudev-0.15-7.el7.noarch                          106/175 
  Verifying  : nss-util-3.19.1-4.el7_1.x86_64                           107/175 
  Verifying  : cronie-1.4.11-14.el7.x86_64                              108/175 
  Verifying  : rdma-7.2_4.1_rc6-1.el7.noarch                            109/175 
  Verifying  : 1:dbus-1.6.12-13.el7.x86_64                              110/175 
  Verifying  : kexec-tools-2.0.7-38.el7.x86_64                          111/175 
  Verifying  : kernel-tools-3.10.0-327.el7.x86_64                       112/175 
  Verifying  : procps-ng-3.3.10-3.el7.x86_64                            113/175 
  Verifying  : 7:lvm2-libs-2.02.130-5.el7.x86_64                        114/175 
  Verifying  : nss-softokn-3.16.2.3-13.el7_1.x86_64                     115/175 
  Verifying  : 1:NetworkManager-tui-1.0.6-27.el7.x86_64                 116/175 
  Verifying  : python-2.7.5-34.el7.x86_64                               117/175 
  Verifying  : libuuid-2.23.2-26.el7.x86_64                             118/175 
  Verifying  : 1:grub2-tools-2.02-0.29.el7.centos.x86_64                119/175 
  Verifying  : libgudev1-219-19.el7.x86_64                              120/175 
  Verifying  : nss-sysinit-3.19.1-18.el7.x86_64                         121/175 
  Verifying  : libmount-2.23.2-26.el7.x86_64                            122/175 
  Verifying  : 1:gmp-6.0.0-11.el7.x86_64                                123/175 
  Verifying  : 7:device-mapper-event-1.02.107-5.el7.x86_64              124/175 
  Verifying  : 1:NetworkManager-team-1.0.6-27.el7.x86_64                125/175 
  Verifying  : kernel-tools-libs-3.10.0-327.el7.x86_64                  126/175 
  Verifying  : cronie-anacron-1.4.11-14.el7.x86_64                      127/175 
  Verifying  : iproute-3.10.0-54.el7.x86_64                             128/175 
  Verifying  : glibc-2.17-105.el7.x86_64                                129/175 
  Verifying  : teamd-1.17-5.el7.x86_64                                  130/175 
  Verifying  : 1:grub2-2.02-0.29.el7.centos.x86_64                      131/175 
  Verifying  : 1:NetworkManager-libnm-1.0.6-27.el7.x86_64               132/175 
  Verifying  : ca-certificates-2015.2.4-71.el7.noarch                   133/175 
  Verifying  : util-linux-2.23.2-26.el7.x86_64                          134/175 
  Verifying  : 1:openssl-1.0.1e-42.el7.9.x86_64                         135/175 
  Verifying  : 7:lvm2-2.02.130-5.el7.x86_64                             136/175 
  Verifying  : dracut-network-033-359.el7.x86_64                        137/175 
  Verifying  : bash-4.2.46-19.el7.x86_64                                138/175 
  Verifying  : python-libs-2.7.5-34.el7.x86_64                          139/175 
  Verifying  : selinux-policy-targeted-3.13.1-60.el7.noarch             140/175 
  Verifying  : 1:mariadb-libs-5.5.44-2.el7.centos.x86_64                141/175 
  Verifying  : cyrus-sasl-lib-2.1.26-19.2.el7.x86_64                    142/175 
  Verifying  : pcre-8.32-15.el7.x86_64                                  143/175 
  Verifying  : chkconfig-1.3.61-5.el7.x86_64                            144/175 
  Verifying  : logrotate-3.8.6-6.el7.x86_64                             145/175 
  Verifying  : nss-softokn-freebl-3.16.2.3-13.el7_1.x86_64              146/175 
  Verifying  : initscripts-9.49.30-1.el7.x86_64                         147/175 
  Verifying  : nss-tools-3.19.1-18.el7.x86_64                           148/175 
  Verifying  : numactl-libs-2.0.9-5.el7_1.x86_64                        149/175 
  Verifying  : 1:openssl-libs-1.0.1e-42.el7.9.x86_64                    150/175 
  Verifying  : 32:bind-libs-lite-9.9.4-29.el7.x86_64                    151/175 
  Verifying  : 2:microcode_ctl-2.1-12.el7.x86_64                        152/175 
  Verifying  : 7:device-mapper-1.02.107-5.el7.x86_64                    153/175 
  Verifying  : open-vm-tools-9.10.2-4.el7.x86_64                        154/175 
  Verifying  : 32:bind-license-9.9.4-29.el7.noarch                      155/175 
  Verifying  : libteam-1.17-5.el7.x86_64                                156/175 
  Verifying  : libblkid-2.23.2-26.el7.x86_64                            157/175 
  Verifying  : coreutils-8.22-15.el7.x86_64                             158/175 
  Verifying  : tuned-2.5.1-4.el7.noarch                                 159/175 
  Verifying  : nss-3.19.1-18.el7.x86_64                                 160/175 
  Verifying  : openssh-clients-6.6.1p1-22.el7.x86_64                    161/175 
  Verifying  : systemd-219-19.el7.x86_64                                162/175 
  Verifying  : sudo-1.8.6p7-16.el7.x86_64                               163/175 
  Verifying  : dracut-033-359.el7.x86_64                                164/175 
  Verifying  : 7:device-mapper-libs-1.02.107-5.el7.x86_64               165/175 
  Verifying  : krb5-libs-1.13.2-10.el7.x86_64                           166/175 
  Verifying  : avahi-libs-0.6.31-15.el7.x86_64                          167/175 
  Verifying  : openssh-server-6.6.1p1-22.el7.x86_64                     168/175 
  Verifying  : tzdata-2015g-1.el7.noarch                                169/175 
  Verifying  : libxml2-2.9.1-5.el7_1.2.x86_64                           170/175 
  Verifying  : openldap-2.4.40-8.el7.x86_64                             171/175 
  Verifying  : systemd-python-219-19.el7.x86_64                         172/175 
  Verifying  : libssh2-1.4.3-10.el7.x86_64                              173/175 
  Verifying  : nspr-4.10.8-2.el7_1.x86_64                               174/175 
  Verifying  : python-perf-3.10.0-327.el7.x86_64                        175/175 

Installed:
  kernel.x86_64 0:3.10.0-327.28.3.el7                                           

Updated:
  NetworkManager.x86_64 1:1.0.6-30.el7_2                                        
  NetworkManager-libnm.x86_64 1:1.0.6-30.el7_2                                  
  NetworkManager-team.x86_64 1:1.0.6-30.el7_2                                   
  NetworkManager-tui.x86_64 1:1.0.6-30.el7_2                                    
  avahi-autoipd.x86_64 0:0.6.31-15.el7_2.1                                      
  avahi-libs.x86_64 0:0.6.31-15.el7_2.1                                         
  bash.x86_64 0:4.2.46-20.el7_2                                                 
  bind-libs-lite.x86_64 32:9.9.4-29.el7_2.3                                     
  bind-license.noarch 32:9.9.4-29.el7_2.3                                       
  ca-certificates.noarch 0:2015.2.6-70.1.el7_2                                  
  chkconfig.x86_64 0:1.3.61-5.el7_2.1                                           
  coreutils.x86_64 0:8.22-15.el7_2.1                                            
  cronie.x86_64 0:1.4.11-14.el7_2.1                                             
  cronie-anacron.x86_64 0:1.4.11-14.el7_2.1                                     
  cyrus-sasl-lib.x86_64 0:2.1.26-20.el7_2                                       
  dbus.x86_64 1:1.6.12-14.el7_2                                                 
  dbus-libs.x86_64 1:1.6.12-14.el7_2                                            
  device-mapper.x86_64 7:1.02.107-5.el7_2.5                                     
  device-mapper-event.x86_64 7:1.02.107-5.el7_2.5                               
  device-mapper-event-libs.x86_64 7:1.02.107-5.el7_2.5                          
  device-mapper-libs.x86_64 7:1.02.107-5.el7_2.5                                
  device-mapper-persistent-data.x86_64 0:0.6.2-1.el7_2                          
  dracut.x86_64 0:033-360.el7_2.1                                               
  dracut-config-rescue.x86_64 0:033-360.el7_2.1                                 
  dracut-network.x86_64 0:033-360.el7_2.1                                       
  glibc.x86_64 0:2.17-106.el7_2.8                                               
  glibc-common.x86_64 0:2.17-106.el7_2.8                                        
  gmp.x86_64 1:6.0.0-12.el7_1                                                   
  gnutls.x86_64 0:3.3.8-14.el7_2                                                
  grub2.x86_64 1:2.02-0.34.el7.centos                                           
  grub2-tools.x86_64 1:2.02-0.34.el7.centos                                     
  initscripts.x86_64 0:9.49.30-1.el7_2.3                                        
  iproute.x86_64 0:3.10.0-54.el7_2.1                                            
  kernel-tools.x86_64 0:3.10.0-327.28.3.el7                                     
  kernel-tools-libs.x86_64 0:3.10.0-327.28.3.el7                                
  kexec-tools.x86_64 0:2.0.7-38.el7_2.1                                         
  kpartx.x86_64 0:0.4.9-85.el7_2.5                                              
  krb5-libs.x86_64 0:1.13.2-12.el7_2                                            
  libblkid.x86_64 0:2.23.2-26.el7_2.3                                           
  libgudev1.x86_64 0:219-19.el7_2.12                                            
  libmount.x86_64 0:2.23.2-26.el7_2.3                                           
  libndp.x86_64 0:1.2-6.el7_2                                                   
  libssh2.x86_64 0:1.4.3-10.el7_2.1                                             
  libteam.x86_64 0:1.17-6.el7_2                                                 
  libuuid.x86_64 0:2.23.2-26.el7_2.3                                            
  libxml2.x86_64 0:2.9.1-6.el7_2.3                                              
  logrotate.x86_64 0:3.8.6-7.el7_2                                              
  lvm2.x86_64 7:2.02.130-5.el7_2.5                                              
  lvm2-libs.x86_64 7:2.02.130-5.el7_2.5                                         
  mariadb-libs.x86_64 1:5.5.50-1.el7_2                                          
  microcode_ctl.x86_64 2:2.1-12.el7_2.1                                         
  nspr.x86_64 0:4.11.0-1.el7_2                                                  
  nss.x86_64 0:3.21.0-9.el7_2                                                   
  nss-softokn.x86_64 0:3.16.2.3-14.2.el7_2                                      
  nss-softokn-freebl.x86_64 0:3.16.2.3-14.2.el7_2                               
  nss-sysinit.x86_64 0:3.21.0-9.el7_2                                           
  nss-tools.x86_64 0:3.21.0-9.el7_2                                             
  nss-util.x86_64 0:3.21.0-2.2.el7_2                                            
  ntp.x86_64 0:4.2.6p5-22.el7.centos.2                                          
  ntpdate.x86_64 0:4.2.6p5-22.el7.centos.2                                      
  numactl-libs.x86_64 0:2.0.9-6.el7_2                                           
  open-vm-tools.x86_64 0:9.10.2-5.el7_2                                         
  openldap.x86_64 0:2.4.40-9.el7_2                                              
  openssh.x86_64 0:6.6.1p1-25.el7_2                                             
  openssh-clients.x86_64 0:6.6.1p1-25.el7_2                                     
  openssh-server.x86_64 0:6.6.1p1-25.el7_2                                      
  openssl.x86_64 1:1.0.1e-51.el7_2.5                                            
  openssl-libs.x86_64 1:1.0.1e-51.el7_2.5                                       
  pcre.x86_64 0:8.32-15.el7_2.1                                                 
  polkit.x86_64 0:0.112-7.el7_2                                                 
  procps-ng.x86_64 0:3.3.10-5.el7_2                                             
  python.x86_64 0:2.7.5-38.el7_2                                                
  python-libs.x86_64 0:2.7.5-38.el7_2                                           
  python-perf.x86_64 0:3.10.0-327.28.3.el7                                      
  python-pyudev.noarch 0:0.15-7.el7_2.1                                         
  rdma.noarch 0:7.2_4.1_rc6-2.el7                                               
  selinux-policy.noarch 0:3.13.1-60.el7_2.7                                     
  selinux-policy-targeted.noarch 0:3.13.1-60.el7_2.7                            
  sudo.x86_64 0:1.8.6p7-17.el7_2                                                
  systemd.x86_64 0:219-19.el7_2.12                                              
  systemd-libs.x86_64 0:219-19.el7_2.12                                         
  systemd-python.x86_64 0:219-19.el7_2.12                                       
  systemd-sysv.x86_64 0:219-19.el7_2.12                                         
  teamd.x86_64 0:1.17-6.el7_2                                                   
  tuned.noarch 0:2.5.1-4.el7_2.3                                                
  tzdata.noarch 0:2016f-1.el7                                                   
  util-linux.x86_64 0:2.23.2-26.el7_2.3                                         

Complete!
Informing Foreman that we are built
